C51 COMPILER V9.54   PEACH                                                                 08/20/2017 13:40:04 PAGE 1   


C51 COMPILER V9.54, COMPILATION OF MODULE PEACH
OBJECT MODULE PLACED IN .\Objects\peach.obj
COMPILER INVOKED BY: D:\APP\Keil_v5\C51\BIN\C51.EXE peach.c OPTIMIZE(8,SPEED) BROWSE DEBUG OBJECTEXTEND PRINT(.\Listings
                    -\peach.lst) TABS(2) OBJECT(.\Objects\peach.obj)

line level    source

   1          /*=============================================================================
   2          该程序由三个部分组成：信号检测程序、通信程序和控制逻辑程序
   3          
   4          ***检测：暗箱前的传感器检测到桃子来临，发出相机拍照的命令；
   5             气缸前的传感器检测到桃子来临，则判断桃子类别，进而判断
   6             是否应该将桃子推出
   7             
   8          ***通信：采用异步收发传输（UART），这部分由三步组成：UART初
   9             始化程序、写串口程序、读串口程序,对应的函数分别是
  10             UART0_Init ();Uart0_Transmit();UART0_ISR(void) interrupt 4
  11             
  12          ***控制：暗箱前的传感器检测到桃后，给上位机发送命令拍照并识别
  13             该桃的类别，上位机将结果返回给下位机，下位机接受后存储到数
  14             组peachGrade[30]中，桃的个数限制在30个以内，超出后则从头开
  15             始记录。后面的五个传感器负责记录桃的个数，从而找到当前遇到
  16             的桃属于数组中第几个，然后查询其类别，判断是否应该推出该桃
  17          ==============================================================================*/
  18          #include <c8051f340.h>                 // SFR declarations
  19          #include <stdio.h>
  20          
  21          //-----------------------------------------------------------------------------
  22          // Global CONSTANTS
  23          //-----------------------------------------------------------------------------
  24          
  25          #define SYSCLK      12000000           // SYSCLK frequency in Hz
  26          #define BAUDRATE        9600           // Baud rate of UART in bps
  27          
  28          //-----------------------------------------------------------------------------
  29          // Function PROTOTYPES
  30          //-----------------------------------------------------------------------------
  31          
  32          void SYSCLK_Init (void);
  33          void PORT_Init (void);
  34          void Timer2_Init (int);
  35          
  36          void UART0_Init (void);
  37          void Uart0_Transmit(unsigned char tmp);
  38          void sendstr(unsigned char *tmp);
  39          
  40          void Ext_Interrupt_Init (void);        // Configure External Interrupts (/INT0
  41                                                 // and /INT1);
  42                                                 //P0.0/P0.1两个外部中断入口
  43          sbit SW1 = P2^0;                       // Push-button switch on board
  44          sbit SW2 = P2^1;                       // Push-button switch on board
  45          sbit LED1 = P2^2;                      // Green LED
  46          sbit LED2 = P2^3;                      // Green LED 
  47          
  48          /*=============================================================================
  49          检测信号来自于六个红外传感器，传感器信号输出线连接单片机六个引脚
  50          分别为P02/P03/P06/P07/P24/P25
  51          
  52          对五个气阀的控制信号，分别通过单片机5个引脚给出
  53          分别为P31/P32/P33/P34/P35
  54          ==============================================================================*/
C51 COMPILER V9.54   PEACH                                                                 08/20/2017 13:40:04 PAGE 2   

  55          sbit sensor0 = P0^2;  //暗箱前的传感器
  56          sbit sensor1 = P0^3;  //后面五个传感器
  57          sbit sensor2 = P0^6;  //
  58          sbit sensor3 = P0^7;  //
  59          sbit sensor4 = P2^4;  //
  60          sbit sensor5 = P2^5;  //
  61          
  62          sbit valve1 = P3^1; //五个气阀
  63          sbit valve2 = P3^2;
  64          sbit valve3 = P3^3;
  65          sbit valve4 = P3^4;
  66          sbit valve5 = P3^5;
  67          
  68          
  69          unsigned char inputcharacter;       // Used to store character from UART  
  70          unsigned char camera_order = '6';
  71          unsigned char peachGrade[30] = {0};
  72          void delay1ms(unsigned int i);
  73          
  74          unsigned int sensor0_record = 0;
  75          unsigned int sensor1_record = 0;//记录第N个阀门处经过的桃的个数
  76          unsigned int sensor2_record = 0;
  77          unsigned int sensor3_record = 0;
  78          unsigned int sensor4_record = 0;
  79          unsigned int sensor5_record = 0;
  80            
  81          
  82          unsigned int push1 = 0;   //记录第N个阀门推出桃的个数
  83          unsigned int push2 = 0;
  84          unsigned int push3 = 0;
  85          unsigned int push4 = 0;
  86          unsigned int push5 = 0;
  87          
  88          
  89          
  90          unsigned int i = 1;   //记录桃的等级
  91          unsigned int j = 0;
  92          unsigned int k = 0;   //
  93          //-----------------------------------------------------------------------------
  94          // MAIN Routine
  95          //-----------------------------------------------------------------------------
  96          
  97          void main (void) 
  98          {
  99   1          unsigned char flag0 = '0';
 100   1          unsigned char flag1 = '0';
 101   1          unsigned char flag2 = '0';
 102   1          unsigned char flag3 = '0';
 103   1          unsigned char flag4 = '0';
 104   1          unsigned char flag5 = '0';
 105   1          unsigned char inputcharacter;
 106   1        
 107   1      unsigned int push_delay1 = 0;   //此标志作为推桃的延迟信号
 108   1      unsigned int push_delay2 = 0;
 109   1      unsigned int push_delay3 = 0;
 110   1      unsigned int push_delay4 = 0;
 111   1      unsigned int push_delay5 = 0;
 112   1      
 113   1      unsigned int delay00 = 0;
 114   1      unsigned int delay01 = 0;
 115   1      unsigned int delay02 = 0;
 116   1      unsigned int delay03 = 0;
C51 COMPILER V9.54   PEACH                                                                 08/20/2017 13:40:04 PAGE 3   

 117   1      unsigned int delay1 = 0;
 118   1      unsigned int delay2 = 0;
 119   1      unsigned int delay3 = 0;
 120   1      unsigned int delay4 = 0;
 121   1      unsigned int delay5 = 0;
 122   1      
 123   1      unsigned int camera_counts[4] = {0,0,0,0};
 124   1      
 125   1         PCA0MD &= ~0x40;                    // WDTE = 0 (clear watchdog timer 
 126   1                                             // enable)
 127   1         PORT_Init();                        // Initialize Port I/O
 128   1         SYSCLK_Init ();                     // Initialize Oscillator
 129   1      
 130   1         Ext_Interrupt_Init();               // Initialize External Interrupts
 131   1         UART0_Init(); 
 132   1         EA = 1;
 133   1         ES0 = 1;
 134   1      
 135   1        valve1 = 0; //五个气阀
 136   1        valve2 = 0;
 137   1        valve3 = 0;
 138   1        valve4 = 0;
 139   1        valve5 = 0;
 140   1        
 141   1         while (1)
 142   1         {
 143   2      /*============================
 144   2           sensor0
 145   2      ==============================*/
 146   2            if(sensor0 == 1)
 147   2            {
 148   3              delay1ms(10);
 149   3              if(sensor0 == 1)
 150   3              {
 151   4                delay1ms(10);
 152   4                if(sensor0 == 1)//三次判断是为了消除干扰信号
 153   4                {
 154   5                  flag0 = 'a';//说明桃子已走去
 155   5                }
 156   4              }
 157   3            }
 158   2           
 159   2            if(sensor0 == 0)
 160   2            {
 161   3              delay1ms(10);
 162   3              if(sensor0 == 0)
 163   3               {
 164   4                  delay1ms(10);
 165   4                  if(sensor0 == 0)
 166   4                  {
 167   5                    if(flag0 == 'a')
 168   5                    {
 169   6                      flag0 = '0';
 170   6                      camera_counts[sensor0_record] = 1;
 171   6                      sensor0_record++;     //记录桃子过来的个数，处理后使其减少一个
 172   6                      if(sensor0_record == 4)
 173   6                      {
 174   7                        sensor0_record = 0;
 175   7                      }
 176   6                      
 177   6                    }
 178   5                    
C51 COMPILER V9.54   PEACH                                                                 08/20/2017 13:40:04 PAGE 4   

 179   5                  }
 180   4                }
 181   3              }
 182   2      
 183   2            if(camera_counts[0] == 1)
 184   2            {
 185   3                delay00++;
 186   3                if(delay00 == 110 )
 187   3                {
 188   4                  camera_counts[0] = 0;
 189   4                  Uart0_Transmit(camera_order);
 190   4                  delay00 = 0;
 191   4                }
 192   3            }
 193   2            if(camera_counts[1] == 1)
 194   2            {
 195   3                delay01++;
 196   3                if(delay01 == 110 )
 197   3                {
 198   4                  camera_counts[1] = 0;
 199   4                  Uart0_Transmit(camera_order);
 200   4                  delay01 = 0;
 201   4                }
 202   3            }
 203   2            
 204   2            if(camera_counts[2] == 1)
 205   2            {
 206   3                delay02++;
 207   3                if(delay02 == 110 )
 208   3                {
 209   4                  camera_counts[2] = 0;
 210   4                  Uart0_Transmit(camera_order);
 211   4                  delay02 = 0;
 212   4                }
 213   3            }
 214   2            if(camera_counts[3] == 1)
 215   2            {
 216   3                delay03++;
 217   3                if(delay03 == 110 )//此参数可以控制相机延时拍照
 218   3                {
 219   4                  camera_counts[3] = 0;
 220   4                  Uart0_Transmit(camera_order);
 221   4                  delay03 = 0;
 222   4                }
 223   3            }
 224   2          
 225   2            
 226   2      /*============================
 227   2           sensor1
 228   2      ==============================*/
 229   2            if(sensor1 == 1)
 230   2            {
 231   3              delay1ms(10);
 232   3              if(sensor1 == 1)
 233   3              {
 234   4                delay1ms(10);
 235   4                if(sensor1 == 1)
 236   4                {
 237   5                  flag1 = 'a';//说明桃子已走去
 238   5                }
 239   4              }
 240   3            }
C51 COMPILER V9.54   PEACH                                                                 08/20/2017 13:40:04 PAGE 5   

 241   2           
 242   2            if(sensor1 == 0)
 243   2            {
 244   3              delay1ms(10);
 245   3              if(sensor1 == 0)
 246   3               {
 247   4                  delay1ms(10);
 248   4                  if(sensor1 == 0)
 249   4                  {
 250   5                    
 251   5                    if(flag1 == 'a')
 252   5                    {
 253   6                      flag1 = '0';
 254   6                         {//此处功能为判断决策是否推桃
 255   7                           sensor1_record++;
 256   7                           if(sensor1_record == 30)//如果超出数组范围，则从头开始查询
 257   7                           {
 258   8                            sensor1_record = 1;
 259   8                           }
 260   7                          if(peachGrade[sensor1_record] == '0')
 261   7                          {
 262   8                            push_delay1 = 1;
 263   8                          }
 264   7                          
 265   7                        }
 266   6                    }
 267   5                    
 268   5                  }
 269   4                }
 270   3              }
 271   2              
 272   2              if(push_delay1 >= 1)
 273   2              {
 274   3                push_delay1++;
 275   3                if(push_delay1 == 30)//此参数可以控制气缸退延迟推出
 276   3                {
 277   4                  push_delay1 = 0;
 278   4                  delay1 = 1;
 279   4                  valve1 = 1;//使阀门工作，把桃退推出，并将推出的桃记为A
 280   4                  LED1 = 1;                                           
 281   4                  peachGrade[sensor1_record] = 'A';
 282   4      
 283   4                }         
 284   3              }
 285   2            
 286   2              if(delay1 >= 1)
 287   2                {
 288   3                  delay1++;
 289   3                  if(delay1 == 20)//此参数可以控制气缸延迟拉回
 290   3                  {
 291   4                    delay1 = 0;
 292   4                    valve1 = 0;
 293   4                    LED1 = 0;
 294   4                  }
 295   3                }
 296   2      /*============================
 297   2           sensor2
 298   2      ==============================*/
 299   2            if(sensor2 == 1)
 300   2            {
 301   3              delay1ms(10);
 302   3              if(sensor2 == 1)
C51 COMPILER V9.54   PEACH                                                                 08/20/2017 13:40:04 PAGE 6   

 303   3              {
 304   4                delay1ms(10);
 305   4                if(sensor2 == 1)
 306   4                {
 307   5                  flag2 = 'a';//说明桃子已走去
 308   5                }
 309   4              }
 310   3            }
 311   2           
 312   2            if(sensor2 == 0)
 313   2            {
 314   3              delay1ms(10);
 315   3              if(sensor2 == 0)
 316   3               {
 317   4                  delay1ms(10);
 318   4                  if(sensor2 == 0)
 319   4                  {
 320   5                    
 321   5                    if(flag2 == 'a')
 322   5                    {
 323   6                      flag2 = '0';
 324   6                          {
 325   7                              sensor2_record++;
 326   7                               if(sensor2_record == 30)
 327   7                               {
 328   8                                sensor2_record = 1;
 329   8                               }
 330   7                              while(peachGrade[sensor2_record] == 'A')
 331   7                              {
 332   8                                sensor2_record++;
 333   8                                if(sensor2_record == 30)
 334   8                               {
 335   9                                sensor2_record = 1;
 336   9                               }
 337   8                              }
 338   7                              if(peachGrade[sensor2_record] == '1')
 339   7                                {
 340   8                                  push_delay2 = 1;
 341   8                                }
 342   7                           }
 343   6                    }
 344   5                    
 345   5                  }
 346   4                }
 347   3              }
 348   2            
 349   2              if(push_delay2 >= 1)
 350   2              {
 351   3                push_delay2++;
 352   3                if(push_delay2 == 30)
 353   3                {
 354   4                  push_delay2 = 0;
 355   4                  valve2 = 1;//使阀门工作，把桃退推出，并将推出的桃记为等级A
 356   4                  LED1 = 1;                                           
 357   4                  peachGrade[sensor2_record] = 'A';
 358   4                  delay2 = 1;
 359   4                }         
 360   3              }
 361   2            
 362   2              if(delay2 >= 1)
 363   2                {
 364   3                  delay2++;
C51 COMPILER V9.54   PEACH                                                                 08/20/2017 13:40:04 PAGE 7   

 365   3                  if(delay2 == 20)
 366   3                  {
 367   4                    delay2 = 0;
 368   4                    valve2 = 0;
 369   4                    LED1 = 0;
 370   4                  }
 371   3                }
 372   2      /*============================
 373   2           sensor3
 374   2      ==============================*/
 375   2            if(sensor3 == 1)
 376   2            {
 377   3              delay1ms(10);
 378   3              if(sensor3 == 1)
 379   3              {
 380   4                delay1ms(10);
 381   4                if(sensor3 == 1)
 382   4                {
 383   5                  flag3 = 'a';//说明桃子已走去
 384   5                }
 385   4              }
 386   3            }
 387   2           
 388   2            if(sensor3 == 0)
 389   2            {
 390   3              delay1ms(10);
 391   3              if(sensor3 == 0)
 392   3               {
 393   4                  delay1ms(10);
 394   4                  if(sensor3 == 0)
 395   4                  {
 396   5                    
 397   5                    if(flag3 == 'a')
 398   5                    {
 399   6                      flag3 = '0';
 400   6                       {
 401   7                        sensor3_record++;
 402   7                         if(sensor3_record == 30)
 403   7                         {
 404   8                          sensor3_record = 1;
 405   8                         }
 406   7                        while(peachGrade[sensor3_record] == 'A')
 407   7                        {
 408   8                          sensor3_record++;
 409   8                          if(sensor3_record == 30)
 410   8                         {
 411   9                          sensor3_record = 1;
 412   9                         }
 413   8                        }
 414   7                        if(peachGrade[sensor3_record] == '2')
 415   7                          {
 416   8                            push_delay3 = 1;
 417   8                          }
 418   7                       }
 419   6                    }
 420   5                    
 421   5                  }
 422   4                }
 423   3              }
 424   2            
 425   2              if(push_delay3 >= 1)
 426   2              {
C51 COMPILER V9.54   PEACH                                                                 08/20/2017 13:40:04 PAGE 8   

 427   3                push_delay3++;
 428   3                if(push_delay3 == 30)
 429   3                {
 430   4                  push_delay3 = 0;
 431   4                  valve3 = 1;//使阀门工作，把桃退推出，并将推出的桃记为等级A
 432   4                  LED1 = 1;                                           
 433   4                  peachGrade[sensor3_record] = 'A';
 434   4                  delay3 = 1;
 435   4                }         
 436   3              }
 437   2            
 438   2              if(delay3 >= 1)
 439   2                {
 440   3                  delay3++;
 441   3                  if(delay3 == 20)
 442   3                  {
 443   4                    delay3 = 0;
 444   4                    valve3 = 0;
 445   4                    LED1 = 0;
 446   4                  }
 447   3                }
 448   2      /*============================
 449   2           sensor4
 450   2      ==============================*/
 451   2            if(sensor4 == 1)
 452   2            {
 453   3              delay1ms(10);
 454   3              if(sensor4 == 1)
 455   3              {
 456   4                delay1ms(10);
 457   4                if(sensor4 == 1)
 458   4                {
 459   5                  flag4 = 'a';//说明桃子已走去
 460   5                }
 461   4              }
 462   3            }
 463   2           
 464   2            if(sensor4 == 0)
 465   2            {
 466   3              delay1ms(10);
 467   3              if(sensor4 == 0)
 468   3               {
 469   4                  delay1ms(10);
 470   4                  if(sensor4 == 0)
 471   4                  {
 472   5                    
 473   5                    if(flag4 == 'a')
 474   5                    {
 475   6                      flag4 = '0';
 476   6                       {
 477   7                        sensor4_record++;
 478   7                         if(sensor4_record == 30)
 479   7                         {
 480   8                          sensor4_record = 1;
 481   8                         }
 482   7                        while(peachGrade[sensor4_record] == 'A')
 483   7                        {
 484   8                          sensor4_record++;
 485   8                          if(sensor4_record == 30)
 486   8                         {
 487   9                          sensor4_record = 1;
 488   9                         }
C51 COMPILER V9.54   PEACH                                                                 08/20/2017 13:40:04 PAGE 9   

 489   8                        }
 490   7                        if(peachGrade[sensor4_record] == '3')
 491   7                          {
 492   8                            push_delay4 = 1;
 493   8                          }
 494   7                       }
 495   6                    }
 496   5                    
 497   5                  }
 498   4                }
 499   3              }
 500   2            
 501   2              if(push_delay4 >= 1)
 502   2              {
 503   3                push_delay4++;
 504   3                if(push_delay4 == 30)
 505   3                {
 506   4                  push_delay4 = 0;
 507   4                  valve4 = 1;//使阀门工作，把桃退推出，并将推出的桃记为等级A
 508   4                  LED1 = 1;                                           
 509   4                  peachGrade[sensor4_record] = 'A';
 510   4                  delay4 = 1;
 511   4                }         
 512   3              }
 513   2            
 514   2              if(delay4 >= 1)
 515   2                {
 516   3                  delay4++;
 517   3                  if(delay4 == 20)
 518   3                  {
 519   4                    delay4 = 0;
 520   4                    valve4 = 0;
 521   4                    LED1 = 0;
 522   4                  }
 523   3                }
 524   2      /*============================
 525   2           sensor5
 526   2      ==============================*/
 527   2            if(sensor5 == 1)
 528   2            {
 529   3              delay1ms(10);
 530   3              if(sensor5 == 1)
 531   3              {
 532   4                delay1ms(10);
 533   4                if(sensor5 == 1)
 534   4                {
 535   5                  flag5 = 'a';//说明桃子已走去
 536   5                }
 537   4              }
 538   3            }
 539   2           
 540   2            if(sensor5 == 0)
 541   2            {
 542   3              delay1ms(10);
 543   3              if(sensor5 == 0)
 544   3               {
 545   4                  delay1ms(10);
 546   4                  if(sensor5 == 0)
 547   4                  {
 548   5                    
 549   5                    if(flag5 == 'a')
 550   5                    {
C51 COMPILER V9.54   PEACH                                                                 08/20/2017 13:40:04 PAGE 10  

 551   6                      flag5 = '0';
 552   6                       {
 553   7                        sensor5_record++;
 554   7                         if(sensor5_record == 30)
 555   7                         {
 556   8                          sensor5_record = 1;
 557   8                         }
 558   7                        while(peachGrade[sensor5_record] == 'A')
 559   7                        {
 560   8                          sensor5_record++;
 561   8                          if(sensor5_record == 30)
 562   8                         {
 563   9                          sensor5_record = 1;
 564   9                         }
 565   8                        }
 566   7                        if(peachGrade[sensor5_record] == '4')
 567   7                          {
 568   8                            push_delay5 = 1;
 569   8                          }
 570   7                       }
 571   6                    }
 572   5                    
 573   5                  }
 574   4                }
 575   3              }     
 576   2              
 577   2              if(push_delay5 >= 1)
 578   2              {
 579   3                push_delay5++;
 580   3                if(push_delay5 == 30)
 581   3                {
 582   4                  push_delay5 = 0;
 583   4                  valve5 = 1;//使阀门工作，把桃退推出，并将推出的桃记为等级A
 584   4                  LED1 = 1;                                           
 585   4                  peachGrade[sensor5_record] = 'A';
 586   4                  delay5 = 1;
 587   4                }         
 588   3              }
 589   2            
 590   2              if(delay5 >= 1)
 591   2                {
 592   3                  delay5++;
 593   3                  if(delay5 == 20)
 594   3                  {
 595   4                    delay5 = 0;
 596   4                    valve5 = 0;
 597   4                    LED1 = 0;
 598   4                  }
 599   3                }
 600   2      
 601   2            
 602   2            
 603   2          } 
 604   1      
 605   1         
 606   1      
 607   1      /*     {
 608   1            printf ("\nEnter character: ");
 609   1            inputcharacter = getchar ();
 610   1            printf ("\nCharacter entered : %c",inputcharacter);
 611   1            printf ("\n      Value in Hex: %bx",inputcharacter);
 612   1         }*/
C51 COMPILER V9.54   PEACH                                                                 08/20/2017 13:40:04 PAGE 11  

 613   1      }
*** WARNING C280 IN LINE 105 OF peach.c: 'inputcharacter': unreferenced local variable
 614          
 615          void delay1ms(unsigned int i)
 616          {
 617   1          unsigned int j;
 618   1        while(i--)
 619   1        {
 620   2          for(j=0;j<125;j++)    //1ms??????
 621   2          {
 622   3              ;
 623   3          }
 624   2        } 
 625   1      }
 626          //-----------------------------------------------------------------------------
 627          // PORT_Init
 628          //-----------------------------------------------------------------------------
 629          //
 630          // P0.4   digital   push-pull    UART TX
 631          // P0.5   digital   open-drain   UART RX
 632          // 
 633          //-----------------------------------------------------------------------------
 634          
 635          void PORT_Init (void)
 636          {
 637   1         P0MDOUT |= 0x10;                    // Enable UTX as push-pull output
 638   1         XBR0     = 0x01;                    // Enable UART on P0.4(TX) and P0.5(RX)                     
 639   1         XBR1     = 0x40;                    // Enable crossbar and weak pull-ups
 640   1      }
 641          
 642          //-----------------------------------------------------------------------------
 643          // SYSCLK_Init
 644          //-----------------------------------------------------------------------------
 645          //
 646          // Return Value : None
 647          // Parameters   : None
 648          //
 649          // This routine initializes the system clock to use the internal oscillator
 650          // at its maximum frequency.
 651          // Also enables the Missing Clock Detector.
 652          //-----------------------------------------------------------------------------
 653          
 654          void SYSCLK_Init (void)
 655          {
 656   1         OSCICN |= 0x03;                     // Configure internal oscillator for
 657   1                                             // its maximum frequency
 658   1         RSTSRC  = 0x04;                     // Enable missing clock detector
 659   1      }
 660          
 661          //-----------------------------------------------------------------------------
 662          // UART0_Init
 663          //-----------------------------------------------------------------------------
 664          //
 665          // Configure the UART0 using Timer1, for <BAUDRATE> and 8-N-1.
 666          //-----------------------------------------------------------------------------
 667          
 668          void UART0_Init (void)
 669          {
 670   1         SCON0 = 0x10;                       // SCON0: 8-bit variable bit rate
 671   1                                             //        level of STOP bit is ignored
 672   1                                             //        RX enabled
 673   1                                             //        ninth bits are zeros
C51 COMPILER V9.54   PEACH                                                                 08/20/2017 13:40:04 PAGE 12  

 674   1                                             //        clear RI0 and TI0 bits
 675   1         if (SYSCLK/BAUDRATE/2/256 < 1) {
 676   2            TH1 = -(SYSCLK/BAUDRATE/2);
 677   2            CKCON &= ~0x0B;                  // T1M = 1; SCA1:0 = xx
 678   2            CKCON |=  0x08;
 679   2         } else if (SYSCLK/BAUDRATE/2/256 < 4) {
 680   2            TH1 = -(SYSCLK/BAUDRATE/2/4);
 681   2            CKCON &= ~0x0B;                  // T1M = 0; SCA1:0 = 01                  
 682   2            CKCON |=  0x01;
 683   2         } else if (SYSCLK/BAUDRATE/2/256 < 12) {
 684   2            TH1 = -(SYSCLK/BAUDRATE/2/12);
 685   2            CKCON &= ~0x0B;                  // T1M = 0; SCA1:0 = 00
 686   2         } else {
 687   2            TH1 = -(SYSCLK/BAUDRATE/2/48);
 688   2            CKCON &= ~0x0B;                  // T1M = 0; SCA1:0 = 10
 689   2            CKCON |=  0x02;
 690   2         }
 691   1      
 692   1         TL1 = TH1;                          // Init Timer1
 693   1         TMOD &= ~0xf0;                      // TMOD: timer 1 in 8-bit autoreload
 694   1         TMOD |=  0x20;                       
 695   1         TR1 = 1;                            // START Timer1
 696   1         TI0 = 1;                            // Indicate TX0 ready
 697   1      }
 698          
 699          //--------------------------------
 700          //串口UART0中断，接收桃的分类结果
 701          //--------------------------------
 702          //中断向量0x0023
 703          void UART0_ISR(void) interrupt 4
 704          {
 705   1        //Rx,Tx公用中断
 706   1        //接收中断
 707   1      /*    EA = 0;
 708   1        if(RI0 == 1)
 709   1        {
 710   1          RI0 = 0;
 711   1          temp = SBUF0;
 712   1          LED2 = !LED2;
 713   1        }
 714   1        if(TI0 == 1)
 715   1        {
 716   1          TI0 = 0;
 717   1        }
 718   1        EA = 1; */
 719   1        unsigned char temp;
 720   1        if(!TI0)
 721   1        {
 722   2          RI0 = 0;
 723   2          temp = SBUF0;
 724   2          LED2 = !LED2;
 725   2          if(i == 30)
 726   2            i = 1;
 727   2          peachGrade[i] = temp;
 728   2          i++;
 729   2        }
 730   1        
 731   1        //发送中断
 732   1        else TI0 = 0;
 733   1      }
 734          
 735          //-----------------------------
C51 COMPILER V9.54   PEACH                                                                 08/20/2017 13:40:04 PAGE 13  

 736          //串口UART0发送函数
 737          //-----------------------------
 738          void Uart0_Transmit(unsigned char tmp)
 739          {
 740   1        ES0 = 0; //关UART0中断
 741   1        EA = 0; //关全局中断
 742   1        SBUF0 = tmp;  
 743   1        
 744   1        while(TI0 == 0);
 745   1        TI0 = 0;
 746   1        ES0 = 1;
 747   1        EA = 1;
 748   1      }
 749          
 750          //-----------------------------
 751          //发送字符串
 752          //-----------------------------
 753          void sendstr(unsigned char* tmp)
 754          {
 755   1        while(*tmp)
 756   1        {
 757   2          Uart0_Transmit(*tmp++);
 758   2        }
 759   1      }
 760          
 761          //-----------------------------------------------------------------------------
 762          // Ext_Interrupt_Init
 763          
 764          // This function configures and enables /INT0 and /INT1 (External Interrupts)
 765          // as negative edge-triggered.
 766          //
 767          //-----------------------------------------------------------------------------
 768          void Ext_Interrupt_Init (void)        //外部中断初始化
 769          {
 770   1         TCON = 0x05;                        // /INT 0 and /INT 1 are edge triggered
 771   1      
 772   1         IT01CF = 0x10;                      // /INT0 active low; /INT0 on P0.0;
 773   1                                             // /INT1 active low; /INT1 on P0.1
 774   1      
 775   1         PX0 = 1;                           //外部中断0位高优先级
 776   1        
 777   1         EX0 = 1;                            // Enable /INT0 interrupts
 778   1         EX1 = 1;                            // Enable /INT1 interrupts
 779   1      }
 780          
 781          /*=======================================
 782          下面中断检测到桃来后，给相机发出命令
 783          中断0由P00下降沿触发
 784          ========================================*/
 785          /*
 786          void INT0_ISR (void) interrupt 0      
 787          {
 788              delay1ms(10);
 789            if(sensor0 == 0)
 790            {
 791              delay1ms(30);
 792            if(sensor0 == 0)
 793            {
 794          
 795              {
 796          //    k++;
 797          //    if(k == 2)
C51 COMPILER V9.54   PEACH                                                                 08/20/2017 13:40:04 PAGE 14  

 798              {
 799          //      k = 0;
 800                Uart0_Transmit(camera_order);
 801                LED1 = !LED1;
 802              }
 803              }
 804            }
 805            }
 806          */  
 807            
 808          
 809            
 810              
 811          
 812          
 813          
 814          /*=======================================
 815          由后面五个传感器触发;P01
 816          ========================================*/
 817          void INT1_ISR (void) interrupt 2
 818          {
 819   1        LED2 = !LED2;
 820   1      }
 821          
 822           
 823             
 824             
 825          //-----------------------------------------------------------------------------
 826          // End Of File
 827          //-----------------------------------------------------------------------------
*** WARNING C294 IN LINE 676 OF peach.c: unreachable code
*** WARNING C294 IN LINE 684 OF peach.c: unreachable code


MODULE INFORMATION:   STATIC OVERLAYABLE
   CODE SIZE        =   1417    ----
   CONSTANT SIZE    =      8    ----
   XDATA SIZE       =   ----    ----
   PDATA SIZE       =   ----    ----
   DATA SIZE        =     60      46
   IDATA SIZE       =   ----    ----
   BIT SIZE         =   ----    ----
END OF MODULE INFORMATION.


C51 COMPILATION COMPLETE.  3 WARNING(S),  0 ERROR(S)
